<?xml version="1.0" encoding="UTF-8"?>
<!-- Generated by org.testng.reporters.JUnitReportReporter -->
<testsuite hostname="Leslies-MacBook-Pro.local" failures="0" tests="1" name="com.kobiton.scriptlessautomation.TestSuite" time="78.417" errors="0" timestamp="2021-06-18T12:19:02 EDT" skipped="0">
  <testcase classname="com.kobiton.scriptlessautomation.TestSuite" name="testOnGalaxyA905GAndroid111" time="78.417"/>
  <system-out>
    <![CDATA[View session at: https://portal.kobiton.com/sessions/2767070]]>
  </system-out>
</testsuite> <!-- com.kobiton.scriptlessautomation.TestSuite -->
